<?xml version="1.0" encoding="UTF-8"?>
<testsuite xmlns:xsi="http://www.w3.org/2001/XMLSchema-instance" xsi:noNamespaceSchemaLocation="https://maven.apache.org/surefire/maven-surefire-plugin/xsd/surefire-test-report.xsd" version="3.0.1" name="TestSuite" time="6.892" tests="1" errors="0" skipped="0" failures="1">
  <properties>
[...]
</properties>
  <testcase name="runScenario[&quot;Search for product in home and offer page&quot;, &quot;Serach and place the order for product&quot;](1)" classname="CucumberOptions.TestngRunner" time="6.107">
    <failure message="expected [] but found [Tomato]" type="java.lang.AssertionError"><![CDATA[java.lang.AssertionError: expected [] but found [Tomato]
	at org.testng.Assert.fail(Assert.java:111)
	at org.testng.Assert.failNotEquals(Assert.java:1590)
	at org.testng.Assert.assertEqualsImpl(Assert.java:150)
	at org.testng.Assert.assertEquals(Assert.java:132)
	at org.testng.Assert.assertEquals(Assert.java:656)
	at org.testng.Assert.assertEquals(Assert.java:666)
	at stepDefination.OfferPageStepDefination.validate_product_name_in_offers_page_matches_with_landing_page(OfferPageStepDefination.java:60)
	at ✽.Validate product name in offers page matches with landing page(file:///C:/Users/kamle/eclipse-workspace/DemoBDD/src/test/java/feature/SearchProduct.feature:8)
]]></failure>
    <system-out><![CDATA[product name is extracted 
search result is Tomato
search result is Tomato
]]></system-out>
    <system-err><![CDATA[SLF4J(W): No SLF4J providers were found.
SLF4J(W): Defaulting to no-operation (NOP) logger implementation
SLF4J(W): See https://www.slf4j.org/codes.html#noProviders for further details.
Apr 24, 2025 10:46:16 PM org.openqa.selenium.devtools.CdpVersionFinder findNearestMatch
WARNING: Unable to find an exact match for CDP version 135, returning the closest version; found: 133; Please update to a Selenium version that supports CDP version 135
]]></system-err>
  </testcase>
</testsuite>